[0.016s] Invoking command in '/home/jack/autonomy_ws/build/autonomy_repo': CMAKE_PREFIX_PATH=${CMAKE_PREFIX_PATH}:/opt/ros/humble PS1=${debian_chroot:+($debian_chroot)}\u@\h:\w\$ /usr/bin/cmake /home/jack/autonomy_ws/src/autonomy_repo -DCMAKE_INSTALL_PREFIX=/home/jack/autonomy_ws/install/autonomy_repo
[0.191s] -- The C compiler identification is GNU 11.4.0
[0.283s] -- The CXX compiler identification is GNU 11.4.0
[0.294s] -- Detecting C compiler ABI info
[0.356s] -- Detecting C compiler ABI info - done
[0.361s] -- Check for working C compiler: /usr/bin/cc - skipped
[0.362s] -- Detecting C compile features
[0.362s] -- Detecting C compile features - done
[0.366s] -- Detecting CXX compiler ABI info
[0.423s] -- Detecting CXX compiler ABI info - done
[0.428s] -- Check for working CXX compiler: /usr/bin/c++ - skipped
[0.428s] -- Detecting CXX compile features
[0.429s] -- Detecting CXX compile features - done
[0.449s] -- Found ament_cmake: 1.3.10 (/opt/ros/humble/share/ament_cmake/cmake)
[0.549s] -- Found Python3: /home/.venv/bin/python3 (found version "3.10.12") found components: Interpreter 
[0.651s] -- Found ament_lint_auto: 0.12.11 (/opt/ros/humble/share/ament_lint_auto/cmake)
[0.666s] Traceback (most recent call last):
[0.666s]   File "/opt/ros/humble/share/ament_cmake_core/cmake/core/package_xml_2_cmake.py", line 22, in <module>
[0.666s]     from catkin_pkg.package import parse_package_string
[0.666s] ModuleNotFoundError: No module named 'catkin_pkg'
[0.668s] [31mCMake Error at /opt/ros/humble/share/ament_cmake_core/cmake/core/ament_package_xml.cmake:95 (message):
[0.668s]   execute_process(/home/.venv/bin/python3
[0.668s]   /opt/ros/humble/share/ament_cmake_core/cmake/core/package_xml_2_cmake.py
[0.668s]   /home/jack/autonomy_ws/src/autonomy_repo/package.xml
[0.668s]   /home/jack/autonomy_ws/build/autonomy_repo/ament_cmake_core/package.cmake)
[0.668s]   returned error code 1
[0.669s] Call Stack (most recent call first):
[0.669s]   /opt/ros/humble/share/ament_cmake_core/cmake/core/ament_package_xml.cmake:49 (_ament_package_xml)
[0.669s]   /opt/ros/humble/share/ament_lint_auto/cmake/ament_lint_auto_find_test_dependencies.cmake:31 (ament_package_xml)
[0.669s]   CMakeLists.txt:30 (ament_lint_auto_find_test_dependencies)
[0.669s] 
[0.669s] [0m
[0.669s] -- Configuring incomplete, errors occurred!
[0.669s] See also "/home/jack/autonomy_ws/build/autonomy_repo/CMakeFiles/CMakeOutput.log".
[0.672s] Invoked command in '/home/jack/autonomy_ws/build/autonomy_repo' returned '1': CMAKE_PREFIX_PATH=${CMAKE_PREFIX_PATH}:/opt/ros/humble PS1=${debian_chroot:+($debian_chroot)}\u@\h:\w\$ /usr/bin/cmake /home/jack/autonomy_ws/src/autonomy_repo -DCMAKE_INSTALL_PREFIX=/home/jack/autonomy_ws/install/autonomy_repo
