[0.000000] (-) TimerEvent: {}
[0.000148] (autonomy_repo) JobQueued: {'identifier': 'autonomy_repo', 'dependencies': OrderedDict()}
[0.000195] (autonomy_repo) JobStarted: {'identifier': 'autonomy_repo'}
[0.019242] (autonomy_repo) JobProgress: {'identifier': 'autonomy_repo', 'progress': 'cmake'}
[0.020446] (autonomy_repo) Command: {'cmd': ['/usr/bin/cmake', '/home/jack/autonomy_ws/src/autonomy_repo', '-DCMAKE_INSTALL_PREFIX=/home/jack/autonomy_ws/install/autonomy_repo'], 'cwd': '/home/jack/autonomy_ws/build/autonomy_repo', 'env': OrderedDict([('GZ_SIM_RESOURCE_PATH', '/home/jack/tb_ws/install/asl_tb3_sim/share'), ('HOSTNAME', 'JackThinkPad'), ('GIT_ASKPASS', '/vscode/vscode-server/bin/linux-x64/d78a74bcdfad14d5d3b1b782f87255d802b57511/extensions/git/dist/askpass.sh'), ('SHLVL', '4'), ('LD_LIBRARY_PATH', '/home/jack/tb_ws/install/ros_ign_interfaces/lib:/home/jack/tb_ws/install/ros_gz_sim/lib:/home/jack/tb_ws/install/ros_gz_bridge/lib:/home/jack/tb_ws/install/ros_gz_interfaces/lib:/home/jack/tb_ws/install/asl_tb3_msgs/lib:/opt/ros/humble/opt/rviz_ogre_vendor/lib:/opt/ros/humble/lib/x86_64-linux-gnu:/opt/ros/humble/lib'), ('BROWSER', '/vscode/vscode-server/bin/linux-x64/d78a74bcdfad14d5d3b1b782f87255d802b57511/bin/helpers/browser.sh'), ('HOME', '/home/jack'), ('OLDPWD', '/home/jack'), ('TERM_PROGRAM_VERSION', '1.94.0'), ('VSCODE_IPC_HOOK_CLI', '/tmp/vscode-ipc-d7f2942b-b7ea-437a-8709-1b78636de625.sock'), ('ROS_PYTHON_VERSION', '3'), ('VSCODE_GIT_ASKPASS_MAIN', '/vscode/vscode-server/bin/linux-x64/d78a74bcdfad14d5d3b1b782f87255d802b57511/extensions/git/dist/askpass-main.js'), ('PS1', '${debian_chroot:+($debian_chroot)}\\u@\\h:\\w\\$'), ('VSCODE_GIT_ASKPASS_NODE', '/vscode/vscode-server/bin/linux-x64/d78a74bcdfad14d5d3b1b782f87255d802b57511/node'), ('COLORTERM', 'truecolor'), ('REMOTE_CONTAINERS', 'true'), ('WAYLAND_DISPLAY', 'vscode-wayland-14a181d6-a87f-47e2-987a-d359bfccd74a.sock'), ('COLCON_PREFIX_PATH', '/home/jack/tb_ws/install'), ('ROS_DISTRO', 'humble'), ('REMOTE_CONTAINERS_IPC', '/tmp/vscode-remote-containers-ipc-23eecffc-92a6-4e0a-8f1a-2bfa1e5c8002.sock'), ('_', '/usr/bin/colcon'), ('ROS_VERSION', '2'), ('TERM', 'xterm-256color'), ('ROS_LOCALHOST_ONLY', '1'), ('PATH', '/home/jack/.vscode-server/extensions/ms-python.python-2024.16.0-linux-x64/python_files/deactivate/bash:/home/.venv/bin:/opt/ros/humble/bin:/home/jack/.vscode-server/extensions/ms-python.python-2024.16.0-linux-x64/python_files/deactivate/bash:/home/.venv/bin:/vscode/vscode-server/bin/linux-x64/d78a74bcdfad14d5d3b1b782f87255d802b57511/bin/remote-cli:/usr/local/sbin:/usr/local/bin:/usr/sbin:/usr/bin:/sbin:/bin'), ('XDG_RUNTIME_DIR', '/tmp/user/1000'), ('REMOTE_CONTAINERS_SOCKETS', '["/home/jack/.gnupg/S.gpg-agent"]'), ('DISPLAY', ':0'), ('LANG', 'C.UTF-8'), ('VSCODE_GIT_IPC_HANDLE', '/tmp/user/1000/vscode-git-5f3edbd8a4.sock'), ('TERM_PROGRAM', 'vscode'), ('ROS_DOMAIN_ID', '42'), ('AMENT_PREFIX_PATH', '/home/jack/tb_ws/install/test_ros_gz_bridge:/home/jack/tb_ws/install/ros_ign_interfaces:/home/jack/tb_ws/install/ros_ign:/home/jack/tb_ws/install/ros_ign_image:/home/jack/tb_ws/install/ros_ign_gazebo_demos:/home/jack/tb_ws/install/ros_ign_gazebo:/home/jack/tb_ws/install/ros_ign_bridge:/home/jack/tb_ws/install/ros_gz:/home/jack/tb_ws/install/ros_gz_sim_demos:/home/jack/tb_ws/install/asl_tb3_sim:/home/jack/tb_ws/install/ros_gz_sim:/home/jack/tb_ws/install/ros_gz_image:/home/jack/tb_ws/install/ros_gz_bridge:/home/jack/tb_ws/install/ros_gz_interfaces:/home/jack/tb_ws/install/asl_tb3_examples:/home/jack/tb_ws/install/asl_tb3_lib:/home/jack/tb_ws/install/asl_tb3_msgs:/home/jack/tb_ws/install/asl_tb3_driver:/opt/ros/humble'), ('SHELL', '/bin/bash'), ('IGN_GAZEBO_RESOURCE_PATH', '/home/jack/tb_ws/install/ros_gz_sim_demos/share'), ('VSCODE_GIT_ASKPASS_EXTRA_ARGS', ''), ('PWD', '/home/jack/autonomy_ws/build/autonomy_repo'), ('LC_ALL', 'C.UTF-8'), ('PYTHONPATH', '/home/jack/tb_ws/install/ros_ign_interfaces/local/lib/python3.10/dist-packages:/home/jack/tb_ws/install/ros_gz_interfaces/local/lib/python3.10/dist-packages:/home/jack/tb_ws/install/asl_tb3_examples/local/lib/python3.10/dist-packages:/home/jack/tb_ws/install/asl_tb3_lib/local/lib/python3.10/dist-packages:/home/jack/tb_ws/install/asl_tb3_msgs/local/lib/python3.10/dist-packages:/opt/ros/humble/lib/python3.10/site-packages:/opt/ros/humble/local/lib/python3.10/dist-packages'), ('COLCON', '1'), ('CMAKE_PREFIX_PATH', '/home/jack/tb_ws/install/test_ros_gz_bridge:/home/jack/tb_ws/install/ros_ign_interfaces:/home/jack/tb_ws/install/ros_ign:/home/jack/tb_ws/install/ros_ign_image:/home/jack/tb_ws/install/ros_ign_gazebo_demos:/home/jack/tb_ws/install/ros_ign_gazebo:/home/jack/tb_ws/install/ros_ign_bridge:/home/jack/tb_ws/install/ros_gz:/home/jack/tb_ws/install/ros_gz_sim_demos:/home/jack/tb_ws/install/asl_tb3_sim:/home/jack/tb_ws/install/ros_gz_sim:/home/jack/tb_ws/install/ros_gz_image:/home/jack/tb_ws/install/ros_gz_bridge:/home/jack/tb_ws/install/ros_gz_interfaces:/home/jack/tb_ws/install/asl_tb3_examples:/home/jack/tb_ws/install/asl_tb3_lib:/home/jack/tb_ws/install/asl_tb3_msgs:/home/jack/tb_ws/install/asl_tb3_driver:/opt/ros/humble')]), 'shell': False}
[0.091161] (autonomy_repo) StdoutLine: {'line': b'-- Found ament_cmake: 1.3.10 (/opt/ros/humble/share/ament_cmake/cmake)\n'}
[0.099291] (-) TimerEvent: {}
[0.199801] (-) TimerEvent: {}
[0.251163] (autonomy_repo) StdoutLine: {'line': b'-- Found ament_lint_auto: 0.12.11 (/opt/ros/humble/share/ament_lint_auto/cmake)\n'}
[0.266349] (autonomy_repo) StderrLine: {'line': b'Traceback (most recent call last):\n'}
[0.266575] (autonomy_repo) StderrLine: {'line': b'  File "/opt/ros/humble/share/ament_cmake_core/cmake/core/package_xml_2_cmake.py", line 22, in <module>\n'}
[0.266667] (autonomy_repo) StderrLine: {'line': b'    from catkin_pkg.package import parse_package_string\n'}
[0.266756] (autonomy_repo) StderrLine: {'line': b"ModuleNotFoundError: No module named 'catkin_pkg'\n"}
[0.269105] (autonomy_repo) StderrLine: {'line': b'\x1b[31mCMake Error at /opt/ros/humble/share/ament_cmake_core/cmake/core/ament_package_xml.cmake:95 (message):\n'}
[0.269242] (autonomy_repo) StderrLine: {'line': b'  execute_process(/home/.venv/bin/python3\n'}
[0.269302] (autonomy_repo) StderrLine: {'line': b'  /opt/ros/humble/share/ament_cmake_core/cmake/core/package_xml_2_cmake.py\n'}
[0.269356] (autonomy_repo) StderrLine: {'line': b'  /home/jack/autonomy_ws/src/autonomy_repo/package.xml\n'}
[0.269416] (autonomy_repo) StderrLine: {'line': b'  /home/jack/autonomy_ws/build/autonomy_repo/ament_cmake_core/package.cmake)\n'}
[0.269521] (autonomy_repo) StderrLine: {'line': b'  returned error code 1\n'}
[0.269718] (autonomy_repo) StderrLine: {'line': b'Call Stack (most recent call first):\n'}
[0.269920] (autonomy_repo) StderrLine: {'line': b'  /opt/ros/humble/share/ament_cmake_core/cmake/core/ament_package_xml.cmake:49 (_ament_package_xml)\n'}
[0.269989] (autonomy_repo) StderrLine: {'line': b'  /opt/ros/humble/share/ament_lint_auto/cmake/ament_lint_auto_find_test_dependencies.cmake:31 (ament_package_xml)\n'}
[0.270039] (autonomy_repo) StderrLine: {'line': b'  CMakeLists.txt:30 (ament_lint_auto_find_test_dependencies)\n'}
[0.270086] (autonomy_repo) StderrLine: {'line': b'\n'}
[0.270136] (autonomy_repo) StderrLine: {'line': b'\x1b[0m\n'}
[0.270181] (autonomy_repo) StdoutLine: {'line': b'-- Configuring incomplete, errors occurred!\n'}
[0.270234] (autonomy_repo) StdoutLine: {'line': b'See also "/home/jack/autonomy_ws/build/autonomy_repo/CMakeFiles/CMakeOutput.log".\n'}
[0.275563] (autonomy_repo) CommandEnded: {'returncode': 1}
[0.300105] (-) TimerEvent: {}
[0.302962] (autonomy_repo) JobEnded: {'identifier': 'autonomy_repo', 'rc': 1}
[0.313674] (-) EventReactorShutdown: {}
