[0.186s] DEBUG:colcon:Command line arguments: ['/usr/bin/colcon', 'build']
[0.186s] DEBUG:colcon:Parsed command line arguments: Namespace(log_base=None, log_level=None, verb_name='build', build_base='build', install_base='install', merge_install=False, symlink_install=False, test_result_base=None, continue_on_error=False, executor='parallel', parallel_workers=16, event_handlers=None, ignore_user_meta=False, metas=['./colcon.meta'], base_paths=['.'], packages_ignore=None, packages_ignore_regex=None, paths=None, packages_up_to=None, packages_up_to_regex=None, packages_above=None, packages_above_and_dependencies=None, packages_above_depth=None, packages_select_by_dep=None, packages_skip_by_dep=None, packages_skip_up_to=None, packages_select_build_failed=False, packages_skip_build_finished=False, packages_select_test_failures=False, packages_skip_test_passed=False, packages_select=None, packages_skip=None, packages_select_regex=None, packages_skip_regex=None, packages_start=None, packages_end=None, cmake_args=None, cmake_target=None, cmake_target_skip_unavailable=False, cmake_clean_cache=False, cmake_clean_first=False, cmake_force_configure=False, ament_cmake_args=None, catkin_cmake_args=None, catkin_skip_building_tests=False, mixin_files=None, mixin=None, verb_parser=<colcon_mixin.mixin.mixin_argument.MixinArgumentDecorator object at 0x7f44cc0e9090>, verb_extension=<colcon_core.verb.build.BuildVerb object at 0x7f44cc255480>, main=<bound method BuildVerb.main of <colcon_core.verb.build.BuildVerb object at 0x7f44cc255480>>, mixin_verb=('build',))
[0.443s] Level 1:colcon.colcon_core.package_discovery:discover_packages(colcon_meta) check parameters
[0.443s] Level 1:colcon.colcon_core.package_discovery:discover_packages(recursive) check parameters
[0.443s] Level 1:colcon.colcon_core.package_discovery:discover_packages(ignore) check parameters
[0.443s] Level 1:colcon.colcon_core.package_discovery:discover_packages(path) check parameters
[0.443s] Level 1:colcon.colcon_core.package_discovery:discover_packages(colcon_meta) discover
[0.443s] Level 1:colcon.colcon_core.package_discovery:discover_packages(recursive) discover
[0.443s] INFO:colcon.colcon_core.package_discovery:Crawling recursively for packages in '/home/jack/autonomy_ws'
[0.443s] Level 1:colcon.colcon_core.package_identification:_identify(.) by extensions ['ignore', 'ignore_ament_install']
[0.443s] Level 1:colcon.colcon_core.package_identification:_identify(.) by extension 'ignore'
[0.443s] Level 1:colcon.colcon_core.package_identification:_identify(.) by extension 'ignore_ament_install'
[0.443s] Level 1:colcon.colcon_core.package_identification:_identify(.) by extensions ['colcon_pkg']
[0.443s] Level 1:colcon.colcon_core.package_identification:_identify(.) by extension 'colcon_pkg'
[0.443s] Level 1:colcon.colcon_core.package_identification:_identify(.) by extensions ['colcon_meta']
[0.443s] Level 1:colcon.colcon_core.package_identification:_identify(.) by extension 'colcon_meta'
[0.443s] Level 1:colcon.colcon_core.package_identification:_identify(.) by extensions ['ros']
[0.443s] Level 1:colcon.colcon_core.package_identification:_identify(.) by extension 'ros'
[0.456s] Level 1:colcon.colcon_core.package_identification:_identify(.) by extensions ['cmake', 'python']
[0.457s] Level 1:colcon.colcon_core.package_identification:_identify(.) by extension 'cmake'
[0.457s] Level 1:colcon.colcon_core.package_identification:_identify(.) by extension 'python'
[0.457s] Level 1:colcon.colcon_core.package_identification:_identify(.) by extensions ['python_setup_py']
[0.457s] Level 1:colcon.colcon_core.package_identification:_identify(.) by extension 'python_setup_py'
[0.457s] Level 1:colcon.colcon_core.package_identification:_identify(build) by extensions ['ignore', 'ignore_ament_install']
[0.457s] Level 1:colcon.colcon_core.package_identification:_identify(build) by extension 'ignore'
[0.457s] Level 1:colcon.colcon_core.package_identification:_identify(build) ignored
[0.457s] Level 1:colcon.colcon_core.package_identification:_identify(install) by extensions ['ignore', 'ignore_ament_install']
[0.457s] Level 1:colcon.colcon_core.package_identification:_identify(install) by extension 'ignore'
[0.457s] Level 1:colcon.colcon_core.package_identification:_identify(install) ignored
[0.457s] Level 1:colcon.colcon_core.package_identification:_identify(log) by extensions ['ignore', 'ignore_ament_install']
[0.457s] Level 1:colcon.colcon_core.package_identification:_identify(log) by extension 'ignore'
[0.458s] Level 1:colcon.colcon_core.package_identification:_identify(log) ignored
[0.458s] Level 1:colcon.colcon_core.package_identification:_identify(src) by extensions ['ignore', 'ignore_ament_install']
[0.458s] Level 1:colcon.colcon_core.package_identification:_identify(src) by extension 'ignore'
[0.458s] Level 1:colcon.colcon_core.package_identification:_identify(src) by extension 'ignore_ament_install'
[0.458s] Level 1:colcon.colcon_core.package_identification:_identify(src) by extensions ['colcon_pkg']
[0.458s] Level 1:colcon.colcon_core.package_identification:_identify(src) by extension 'colcon_pkg'
[0.458s] Level 1:colcon.colcon_core.package_identification:_identify(src) by extensions ['colcon_meta']
[0.458s] Level 1:colcon.colcon_core.package_identification:_identify(src) by extension 'colcon_meta'
[0.458s] Level 1:colcon.colcon_core.package_identification:_identify(src) by extensions ['ros']
[0.458s] Level 1:colcon.colcon_core.package_identification:_identify(src) by extension 'ros'
[0.458s] Level 1:colcon.colcon_core.package_identification:_identify(src) by extensions ['cmake', 'python']
[0.458s] Level 1:colcon.colcon_core.package_identification:_identify(src) by extension 'cmake'
[0.458s] Level 1:colcon.colcon_core.package_identification:_identify(src) by extension 'python'
[0.458s] Level 1:colcon.colcon_core.package_identification:_identify(src) by extensions ['python_setup_py']
[0.458s] Level 1:colcon.colcon_core.package_identification:_identify(src) by extension 'python_setup_py'
[0.458s] Level 1:colcon.colcon_core.package_identification:_identify(src/autonomy_repo) by extensions ['ignore', 'ignore_ament_install']
[0.458s] Level 1:colcon.colcon_core.package_identification:_identify(src/autonomy_repo) by extension 'ignore'
[0.458s] Level 1:colcon.colcon_core.package_identification:_identify(src/autonomy_repo) by extension 'ignore_ament_install'
[0.458s] Level 1:colcon.colcon_core.package_identification:_identify(src/autonomy_repo) by extensions ['colcon_pkg']
[0.458s] Level 1:colcon.colcon_core.package_identification:_identify(src/autonomy_repo) by extension 'colcon_pkg'
[0.458s] Level 1:colcon.colcon_core.package_identification:_identify(src/autonomy_repo) by extensions ['colcon_meta']
[0.458s] Level 1:colcon.colcon_core.package_identification:_identify(src/autonomy_repo) by extension 'colcon_meta'
[0.458s] Level 1:colcon.colcon_core.package_identification:_identify(src/autonomy_repo) by extensions ['ros']
[0.458s] Level 1:colcon.colcon_core.package_identification:_identify(src/autonomy_repo) by extension 'ros'
[0.462s] DEBUG:colcon.colcon_core.package_identification:Package 'src/autonomy_repo' with type 'ros.ament_cmake' and name 'autonomy_repo'
[0.462s] Level 1:colcon.colcon_core.package_discovery:discover_packages(recursive) using defaults
[0.462s] Level 1:colcon.colcon_core.package_discovery:discover_packages(ignore) discover
[0.462s] Level 1:colcon.colcon_core.package_discovery:discover_packages(ignore) using defaults
[0.462s] Level 1:colcon.colcon_core.package_discovery:discover_packages(path) discover
[0.462s] Level 1:colcon.colcon_core.package_discovery:discover_packages(path) using defaults
[0.486s] Level 5:colcon.colcon_core.verb:set package 'autonomy_repo' build argument 'cmake_args' from command line to 'None'
[0.486s] Level 5:colcon.colcon_core.verb:set package 'autonomy_repo' build argument 'cmake_target' from command line to 'None'
[0.486s] Level 5:colcon.colcon_core.verb:set package 'autonomy_repo' build argument 'cmake_target_skip_unavailable' from command line to 'False'
[0.486s] Level 5:colcon.colcon_core.verb:set package 'autonomy_repo' build argument 'cmake_clean_cache' from command line to 'False'
[0.486s] Level 5:colcon.colcon_core.verb:set package 'autonomy_repo' build argument 'cmake_clean_first' from command line to 'False'
[0.486s] Level 5:colcon.colcon_core.verb:set package 'autonomy_repo' build argument 'cmake_force_configure' from command line to 'False'
[0.486s] Level 5:colcon.colcon_core.verb:set package 'autonomy_repo' build argument 'ament_cmake_args' from command line to 'None'
[0.486s] Level 5:colcon.colcon_core.verb:set package 'autonomy_repo' build argument 'catkin_cmake_args' from command line to 'None'
[0.486s] Level 5:colcon.colcon_core.verb:set package 'autonomy_repo' build argument 'catkin_skip_building_tests' from command line to 'False'
[0.486s] DEBUG:colcon.colcon_core.verb:Building package 'autonomy_repo' with the following arguments: {'ament_cmake_args': None, 'build_base': '/home/jack/autonomy_ws/build/autonomy_repo', 'catkin_cmake_args': None, 'catkin_skip_building_tests': False, 'cmake_args': None, 'cmake_clean_cache': False, 'cmake_clean_first': False, 'cmake_force_configure': False, 'cmake_target': None, 'cmake_target_skip_unavailable': False, 'install_base': '/home/jack/autonomy_ws/install/autonomy_repo', 'merge_install': False, 'path': '/home/jack/autonomy_ws/src/autonomy_repo', 'symlink_install': False, 'test_result_base': None}
[0.486s] INFO:colcon.colcon_core.executor:Executing jobs using 'parallel' executor
[0.487s] DEBUG:colcon.colcon_parallel_executor.executor.parallel:run_until_complete
[0.488s] INFO:colcon.colcon_ros.task.ament_cmake.build:Building ROS package in '/home/jack/autonomy_ws/src/autonomy_repo' with build type 'ament_cmake'
[0.488s] INFO:colcon.colcon_cmake.task.cmake.build:Building CMake package in '/home/jack/autonomy_ws/src/autonomy_repo'
[0.496s] INFO:colcon.colcon_core.plugin_system:Skipping extension 'colcon_core.shell.bat': Not used on non-Windows systems
[0.496s] INFO:colcon.colcon_core.shell:Skip shell extension 'powershell' for command environment: Not usable outside of PowerShell
[0.496s] DEBUG:colcon.colcon_core.shell:Skip shell extension 'dsv' for command environment
[0.510s] DEBUG:colcon.colcon_core.event_handler.log_command:Invoking command in '/home/jack/autonomy_ws/build/autonomy_repo': CMAKE_PREFIX_PATH=${CMAKE_PREFIX_PATH}:/opt/ros/humble PS1=${debian_chroot:+($debian_chroot)}\u@\h:\w\$ /usr/bin/cmake /home/jack/autonomy_ws/src/autonomy_repo -DCMAKE_INSTALL_PREFIX=/home/jack/autonomy_ws/install/autonomy_repo
[0.764s] DEBUG:colcon.colcon_core.event_handler.log_command:Invoked command in '/home/jack/autonomy_ws/build/autonomy_repo' returned '1': CMAKE_PREFIX_PATH=${CMAKE_PREFIX_PATH}:/opt/ros/humble PS1=${debian_chroot:+($debian_chroot)}\u@\h:\w\$ /usr/bin/cmake /home/jack/autonomy_ws/src/autonomy_repo -DCMAKE_INSTALL_PREFIX=/home/jack/autonomy_ws/install/autonomy_repo
[0.773s] Level 1:colcon.colcon_core.environment:create_environment_scripts_only(autonomy_repo)
[0.783s] Level 1:colcon.colcon_core.environment:checking '/home/jack/autonomy_ws/install/autonomy_repo' for CMake module files
[0.783s] Level 1:colcon.colcon_core.environment:checking '/home/jack/autonomy_ws/install/autonomy_repo' for CMake config files
[0.783s] Level 1:colcon.colcon_core.environment:checking '/home/jack/autonomy_ws/install/autonomy_repo/bin'
[0.784s] Level 1:colcon.colcon_core.environment:checking '/home/jack/autonomy_ws/install/autonomy_repo/lib/pkgconfig/autonomy_repo.pc'
[0.785s] Level 1:colcon.colcon_core.environment:checking '/home/jack/autonomy_ws/install/autonomy_repo/lib/python3.10/site-packages'
[0.785s] Level 1:colcon.colcon_core.environment:checking '/home/jack/autonomy_ws/install/autonomy_repo/bin'
[0.785s] INFO:colcon.colcon_core.shell:Creating package script '/home/jack/autonomy_ws/install/autonomy_repo/share/autonomy_repo/package.ps1'
[0.786s] INFO:colcon.colcon_core.shell:Creating package descriptor '/home/jack/autonomy_ws/install/autonomy_repo/share/autonomy_repo/package.dsv'
[0.787s] INFO:colcon.colcon_core.shell:Creating package script '/home/jack/autonomy_ws/install/autonomy_repo/share/autonomy_repo/package.sh'
[0.788s] INFO:colcon.colcon_core.shell:Creating package script '/home/jack/autonomy_ws/install/autonomy_repo/share/autonomy_repo/package.bash'
[0.789s] INFO:colcon.colcon_core.shell:Creating package script '/home/jack/autonomy_ws/install/autonomy_repo/share/autonomy_repo/package.zsh'
[0.791s] Level 1:colcon.colcon_core.environment:create_file_with_runtime_dependencies(/home/jack/autonomy_ws/install/autonomy_repo/share/colcon-core/packages/autonomy_repo)
[0.801s] DEBUG:colcon.colcon_parallel_executor.executor.parallel:closing loop
[0.801s] DEBUG:colcon.colcon_parallel_executor.executor.parallel:loop closed
[0.801s] DEBUG:colcon.colcon_parallel_executor.executor.parallel:run_until_complete finished with '1'
[0.801s] DEBUG:colcon.colcon_core.event_reactor:joining thread
[0.821s] INFO:colcon.colcon_core.plugin_system:Skipping extension 'colcon_notification.desktop_notification.notify_send': Could not find 'notify-send'
[0.821s] INFO:colcon.colcon_core.plugin_system:Skipping extension 'colcon_notification.desktop_notification.terminal_notifier': Not used on non-Darwin systems
[0.821s] INFO:colcon.colcon_core.plugin_system:Skipping extension 'colcon_notification.desktop_notification.win32': Not used on non-Windows systems
[0.821s] INFO:colcon.colcon_notification.desktop_notification:Sending desktop notification using 'notify2'
[0.825s] DEBUG:colcon.colcon_notification.desktop_notification.notify2:Failed to initialize notify2: org.freedesktop.DBus.Error.Spawn.ExecFailed: /usr/bin/dbus-launch terminated abnormally without any error message
[0.826s] DEBUG:colcon.colcon_core.event_reactor:joined thread
[0.827s] INFO:colcon.colcon_core.shell:Creating prefix script '/home/jack/autonomy_ws/install/local_setup.ps1'
[0.828s] INFO:colcon.colcon_core.shell:Creating prefix util module '/home/jack/autonomy_ws/install/_local_setup_util_ps1.py'
[0.831s] INFO:colcon.colcon_core.shell:Creating prefix chain script '/home/jack/autonomy_ws/install/setup.ps1'
[0.833s] INFO:colcon.colcon_core.shell:Creating prefix script '/home/jack/autonomy_ws/install/local_setup.sh'
[0.834s] INFO:colcon.colcon_core.shell:Creating prefix util module '/home/jack/autonomy_ws/install/_local_setup_util_sh.py'
[0.835s] INFO:colcon.colcon_core.shell:Creating prefix chain script '/home/jack/autonomy_ws/install/setup.sh'
[0.837s] INFO:colcon.colcon_core.shell:Creating prefix script '/home/jack/autonomy_ws/install/local_setup.bash'
[0.838s] INFO:colcon.colcon_core.shell:Creating prefix chain script '/home/jack/autonomy_ws/install/setup.bash'
[0.857s] INFO:colcon.colcon_core.shell:Creating prefix script '/home/jack/autonomy_ws/install/local_setup.zsh'
[0.859s] INFO:colcon.colcon_core.shell:Creating prefix chain script '/home/jack/autonomy_ws/install/setup.zsh'
