[0.216s] DEBUG:colcon:Command line arguments: ['/usr/bin/colcon', 'build']
[0.217s] DEBUG:colcon:Parsed command line arguments: Namespace(log_base=None, log_level=None, verb_name='build', build_base='build', install_base='install', merge_install=False, symlink_install=False, test_result_base=None, continue_on_error=False, executor='parallel', parallel_workers=16, event_handlers=None, ignore_user_meta=False, metas=['./colcon.meta'], base_paths=['.'], packages_ignore=None, packages_ignore_regex=None, paths=None, packages_up_to=None, packages_up_to_regex=None, packages_above=None, packages_above_and_dependencies=None, packages_above_depth=None, packages_select_by_dep=None, packages_skip_by_dep=None, packages_skip_up_to=None, packages_select_build_failed=False, packages_skip_build_finished=False, packages_select_test_failures=False, packages_skip_test_passed=False, packages_select=None, packages_skip=None, packages_select_regex=None, packages_skip_regex=None, packages_start=None, packages_end=None, cmake_args=None, cmake_target=None, cmake_target_skip_unavailable=False, cmake_clean_cache=False, cmake_clean_first=False, cmake_force_configure=False, ament_cmake_args=None, catkin_cmake_args=None, catkin_skip_building_tests=False, mixin_files=None, mixin=None, verb_parser=<colcon_mixin.mixin.mixin_argument.MixinArgumentDecorator object at 0x7fadf5271060>, verb_extension=<colcon_core.verb.build.BuildVerb object at 0x7fadf53d9450>, main=<bound method BuildVerb.main of <colcon_core.verb.build.BuildVerb object at 0x7fadf53d9450>>, mixin_verb=('build',))
[0.499s] Level 1:colcon.colcon_core.package_discovery:discover_packages(colcon_meta) check parameters
[0.500s] Level 1:colcon.colcon_core.package_discovery:discover_packages(recursive) check parameters
[0.500s] Level 1:colcon.colcon_core.package_discovery:discover_packages(ignore) check parameters
[0.500s] Level 1:colcon.colcon_core.package_discovery:discover_packages(path) check parameters
[0.500s] Level 1:colcon.colcon_core.package_discovery:discover_packages(colcon_meta) discover
[0.501s] Level 1:colcon.colcon_core.package_discovery:discover_packages(recursive) discover
[0.501s] INFO:colcon.colcon_core.package_discovery:Crawling recursively for packages in '/home/jack/autonomy_ws'
[0.501s] Level 1:colcon.colcon_core.package_identification:_identify(.) by extensions ['ignore', 'ignore_ament_install']
[0.501s] Level 1:colcon.colcon_core.package_identification:_identify(.) by extension 'ignore'
[0.501s] Level 1:colcon.colcon_core.package_identification:_identify(.) by extension 'ignore_ament_install'
[0.501s] Level 1:colcon.colcon_core.package_identification:_identify(.) by extensions ['colcon_pkg']
[0.501s] Level 1:colcon.colcon_core.package_identification:_identify(.) by extension 'colcon_pkg'
[0.501s] Level 1:colcon.colcon_core.package_identification:_identify(.) by extensions ['colcon_meta']
[0.501s] Level 1:colcon.colcon_core.package_identification:_identify(.) by extension 'colcon_meta'
[0.501s] Level 1:colcon.colcon_core.package_identification:_identify(.) by extensions ['ros']
[0.501s] Level 1:colcon.colcon_core.package_identification:_identify(.) by extension 'ros'
[0.521s] Level 1:colcon.colcon_core.package_identification:_identify(.) by extensions ['cmake', 'python']
[0.522s] Level 1:colcon.colcon_core.package_identification:_identify(.) by extension 'cmake'
[0.522s] Level 1:colcon.colcon_core.package_identification:_identify(.) by extension 'python'
[0.522s] Level 1:colcon.colcon_core.package_identification:_identify(.) by extensions ['python_setup_py']
[0.522s] Level 1:colcon.colcon_core.package_identification:_identify(.) by extension 'python_setup_py'
[0.522s] Level 1:colcon.colcon_core.package_identification:_identify(build) by extensions ['ignore', 'ignore_ament_install']
[0.522s] Level 1:colcon.colcon_core.package_identification:_identify(build) by extension 'ignore'
[0.523s] Level 1:colcon.colcon_core.package_identification:_identify(build) ignored
[0.523s] Level 1:colcon.colcon_core.package_identification:_identify(install) by extensions ['ignore', 'ignore_ament_install']
[0.523s] Level 1:colcon.colcon_core.package_identification:_identify(install) by extension 'ignore'
[0.523s] Level 1:colcon.colcon_core.package_identification:_identify(install) ignored
[0.523s] Level 1:colcon.colcon_core.package_identification:_identify(log) by extensions ['ignore', 'ignore_ament_install']
[0.524s] Level 1:colcon.colcon_core.package_identification:_identify(log) by extension 'ignore'
[0.524s] Level 1:colcon.colcon_core.package_identification:_identify(log) ignored
[0.524s] Level 1:colcon.colcon_core.package_identification:_identify(src) by extensions ['ignore', 'ignore_ament_install']
[0.524s] Level 1:colcon.colcon_core.package_identification:_identify(src) by extension 'ignore'
[0.524s] Level 1:colcon.colcon_core.package_identification:_identify(src) by extension 'ignore_ament_install'
[0.524s] Level 1:colcon.colcon_core.package_identification:_identify(src) by extensions ['colcon_pkg']
[0.524s] Level 1:colcon.colcon_core.package_identification:_identify(src) by extension 'colcon_pkg'
[0.524s] Level 1:colcon.colcon_core.package_identification:_identify(src) by extensions ['colcon_meta']
[0.524s] Level 1:colcon.colcon_core.package_identification:_identify(src) by extension 'colcon_meta'
[0.524s] Level 1:colcon.colcon_core.package_identification:_identify(src) by extensions ['ros']
[0.524s] Level 1:colcon.colcon_core.package_identification:_identify(src) by extension 'ros'
[0.524s] Level 1:colcon.colcon_core.package_identification:_identify(src) by extensions ['cmake', 'python']
[0.524s] Level 1:colcon.colcon_core.package_identification:_identify(src) by extension 'cmake'
[0.524s] Level 1:colcon.colcon_core.package_identification:_identify(src) by extension 'python'
[0.524s] Level 1:colcon.colcon_core.package_identification:_identify(src) by extensions ['python_setup_py']
[0.524s] Level 1:colcon.colcon_core.package_identification:_identify(src) by extension 'python_setup_py'
[0.525s] Level 1:colcon.colcon_core.package_identification:_identify(src/autonomy_repo) by extensions ['ignore', 'ignore_ament_install']
[0.525s] Level 1:colcon.colcon_core.package_identification:_identify(src/autonomy_repo) by extension 'ignore'
[0.525s] Level 1:colcon.colcon_core.package_identification:_identify(src/autonomy_repo) by extension 'ignore_ament_install'
[0.525s] Level 1:colcon.colcon_core.package_identification:_identify(src/autonomy_repo) by extensions ['colcon_pkg']
[0.525s] Level 1:colcon.colcon_core.package_identification:_identify(src/autonomy_repo) by extension 'colcon_pkg'
[0.525s] Level 1:colcon.colcon_core.package_identification:_identify(src/autonomy_repo) by extensions ['colcon_meta']
[0.525s] Level 1:colcon.colcon_core.package_identification:_identify(src/autonomy_repo) by extension 'colcon_meta'
[0.525s] Level 1:colcon.colcon_core.package_identification:_identify(src/autonomy_repo) by extensions ['ros']
[0.525s] Level 1:colcon.colcon_core.package_identification:_identify(src/autonomy_repo) by extension 'ros'
[0.529s] DEBUG:colcon.colcon_core.package_identification:Package 'src/autonomy_repo' with type 'ros.ament_cmake' and name 'autonomy_repo'
[0.530s] Level 1:colcon.colcon_core.package_discovery:discover_packages(recursive) using defaults
[0.530s] Level 1:colcon.colcon_core.package_discovery:discover_packages(ignore) discover
[0.530s] Level 1:colcon.colcon_core.package_discovery:discover_packages(ignore) using defaults
[0.530s] Level 1:colcon.colcon_core.package_discovery:discover_packages(path) discover
[0.530s] Level 1:colcon.colcon_core.package_discovery:discover_packages(path) using defaults
[0.550s] Level 5:colcon.colcon_core.verb:set package 'autonomy_repo' build argument 'cmake_args' from command line to 'None'
[0.550s] Level 5:colcon.colcon_core.verb:set package 'autonomy_repo' build argument 'cmake_target' from command line to 'None'
[0.550s] Level 5:colcon.colcon_core.verb:set package 'autonomy_repo' build argument 'cmake_target_skip_unavailable' from command line to 'False'
[0.550s] Level 5:colcon.colcon_core.verb:set package 'autonomy_repo' build argument 'cmake_clean_cache' from command line to 'False'
[0.550s] Level 5:colcon.colcon_core.verb:set package 'autonomy_repo' build argument 'cmake_clean_first' from command line to 'False'
[0.550s] Level 5:colcon.colcon_core.verb:set package 'autonomy_repo' build argument 'cmake_force_configure' from command line to 'False'
[0.550s] Level 5:colcon.colcon_core.verb:set package 'autonomy_repo' build argument 'ament_cmake_args' from command line to 'None'
[0.551s] Level 5:colcon.colcon_core.verb:set package 'autonomy_repo' build argument 'catkin_cmake_args' from command line to 'None'
[0.551s] Level 5:colcon.colcon_core.verb:set package 'autonomy_repo' build argument 'catkin_skip_building_tests' from command line to 'False'
[0.551s] DEBUG:colcon.colcon_core.verb:Building package 'autonomy_repo' with the following arguments: {'ament_cmake_args': None, 'build_base': '/home/jack/autonomy_ws/build/autonomy_repo', 'catkin_cmake_args': None, 'catkin_skip_building_tests': False, 'cmake_args': None, 'cmake_clean_cache': False, 'cmake_clean_first': False, 'cmake_force_configure': False, 'cmake_target': None, 'cmake_target_skip_unavailable': False, 'install_base': '/home/jack/autonomy_ws/install/autonomy_repo', 'merge_install': False, 'path': '/home/jack/autonomy_ws/src/autonomy_repo', 'symlink_install': False, 'test_result_base': None}
[0.551s] INFO:colcon.colcon_core.executor:Executing jobs using 'parallel' executor
[0.552s] DEBUG:colcon.colcon_parallel_executor.executor.parallel:run_until_complete
[0.552s] INFO:colcon.colcon_ros.task.ament_cmake.build:Building ROS package in '/home/jack/autonomy_ws/src/autonomy_repo' with build type 'ament_cmake'
[0.552s] INFO:colcon.colcon_cmake.task.cmake.build:Building CMake package in '/home/jack/autonomy_ws/src/autonomy_repo'
[0.557s] INFO:colcon.colcon_core.plugin_system:Skipping extension 'colcon_core.shell.bat': Not used on non-Windows systems
[0.557s] INFO:colcon.colcon_core.shell:Skip shell extension 'powershell' for command environment: Not usable outside of PowerShell
[0.557s] DEBUG:colcon.colcon_core.shell:Skip shell extension 'dsv' for command environment
[0.576s] DEBUG:colcon.colcon_core.event_handler.log_command:Invoking command in '/home/jack/autonomy_ws/build/autonomy_repo': CMAKE_PREFIX_PATH=${CMAKE_PREFIX_PATH}:/opt/ros/humble PS1=${debian_chroot:+($debian_chroot)}\u@\h:\w\$ /usr/bin/cmake /home/jack/autonomy_ws/src/autonomy_repo -DCMAKE_INSTALL_PREFIX=/home/jack/autonomy_ws/install/autonomy_repo
[0.919s] DEBUG:colcon.colcon_core.event_handler.log_command:Invoked command in '/home/jack/autonomy_ws/build/autonomy_repo' returned '0': CMAKE_PREFIX_PATH=${CMAKE_PREFIX_PATH}:/opt/ros/humble PS1=${debian_chroot:+($debian_chroot)}\u@\h:\w\$ /usr/bin/cmake /home/jack/autonomy_ws/src/autonomy_repo -DCMAKE_INSTALL_PREFIX=/home/jack/autonomy_ws/install/autonomy_repo
[0.920s] DEBUG:colcon.colcon_core.event_handler.log_command:Invoking command in '/home/jack/autonomy_ws/build/autonomy_repo': CMAKE_PREFIX_PATH=${CMAKE_PREFIX_PATH}:/opt/ros/humble PS1=${debian_chroot:+($debian_chroot)}\u@\h:\w\$ /usr/bin/cmake --build /home/jack/autonomy_ws/build/autonomy_repo -- -j16 -l16
[0.945s] DEBUG:colcon.colcon_core.event_handler.log_command:Invoked command in '/home/jack/autonomy_ws/build/autonomy_repo' returned '0': CMAKE_PREFIX_PATH=${CMAKE_PREFIX_PATH}:/opt/ros/humble PS1=${debian_chroot:+($debian_chroot)}\u@\h:\w\$ /usr/bin/cmake --build /home/jack/autonomy_ws/build/autonomy_repo -- -j16 -l16
[0.970s] DEBUG:colcon.colcon_core.event_handler.log_command:Invoking command in '/home/jack/autonomy_ws/build/autonomy_repo': CMAKE_PREFIX_PATH=${CMAKE_PREFIX_PATH}:/opt/ros/humble PS1=${debian_chroot:+($debian_chroot)}\u@\h:\w\$ /usr/bin/cmake --install /home/jack/autonomy_ws/build/autonomy_repo
[0.985s] Level 1:colcon.colcon_core.environment:create_environment_scripts_only(autonomy_repo)
[0.985s] DEBUG:colcon.colcon_core.event_handler.log_command:Invoked command in '/home/jack/autonomy_ws/build/autonomy_repo' returned '0': CMAKE_PREFIX_PATH=${CMAKE_PREFIX_PATH}:/opt/ros/humble PS1=${debian_chroot:+($debian_chroot)}\u@\h:\w\$ /usr/bin/cmake --install /home/jack/autonomy_ws/build/autonomy_repo
[0.993s] Level 1:colcon.colcon_core.environment:checking '/home/jack/autonomy_ws/install/autonomy_repo' for CMake module files
[0.994s] Level 1:colcon.colcon_core.environment:checking '/home/jack/autonomy_ws/install/autonomy_repo' for CMake config files
[0.994s] Level 1:colcon.colcon_core.shell:create_environment_hook('autonomy_repo', 'cmake_prefix_path')
[0.994s] INFO:colcon.colcon_core.shell:Creating environment hook '/home/jack/autonomy_ws/install/autonomy_repo/share/autonomy_repo/hook/cmake_prefix_path.ps1'
[0.996s] INFO:colcon.colcon_core.shell:Creating environment descriptor '/home/jack/autonomy_ws/install/autonomy_repo/share/autonomy_repo/hook/cmake_prefix_path.dsv'
[0.998s] INFO:colcon.colcon_core.shell:Creating environment hook '/home/jack/autonomy_ws/install/autonomy_repo/share/autonomy_repo/hook/cmake_prefix_path.sh'
[0.999s] Level 1:colcon.colcon_core.environment:checking '/home/jack/autonomy_ws/install/autonomy_repo/lib'
[0.999s] Level 1:colcon.colcon_core.environment:checking '/home/jack/autonomy_ws/install/autonomy_repo/bin'
[0.999s] Level 1:colcon.colcon_core.environment:checking '/home/jack/autonomy_ws/install/autonomy_repo/lib/pkgconfig/autonomy_repo.pc'
[1.000s] Level 1:colcon.colcon_core.environment:checking '/home/jack/autonomy_ws/install/autonomy_repo/lib/python3.10/site-packages'
[1.001s] Level 1:colcon.colcon_core.environment:checking '/home/jack/autonomy_ws/install/autonomy_repo/bin'
[1.001s] INFO:colcon.colcon_core.shell:Creating package script '/home/jack/autonomy_ws/install/autonomy_repo/share/autonomy_repo/package.ps1'
[1.002s] INFO:colcon.colcon_core.shell:Creating package descriptor '/home/jack/autonomy_ws/install/autonomy_repo/share/autonomy_repo/package.dsv'
[1.003s] INFO:colcon.colcon_core.shell:Creating package script '/home/jack/autonomy_ws/install/autonomy_repo/share/autonomy_repo/package.sh'
[1.004s] INFO:colcon.colcon_core.shell:Creating package script '/home/jack/autonomy_ws/install/autonomy_repo/share/autonomy_repo/package.bash'
[1.005s] INFO:colcon.colcon_core.shell:Creating package script '/home/jack/autonomy_ws/install/autonomy_repo/share/autonomy_repo/package.zsh'
[1.005s] Level 1:colcon.colcon_core.environment:create_file_with_runtime_dependencies(/home/jack/autonomy_ws/install/autonomy_repo/share/colcon-core/packages/autonomy_repo)
[1.022s] Level 1:colcon.colcon_core.environment:create_environment_scripts_only(autonomy_repo)
[1.023s] Level 1:colcon.colcon_core.environment:checking '/home/jack/autonomy_ws/install/autonomy_repo' for CMake module files
[1.023s] Level 1:colcon.colcon_core.environment:checking '/home/jack/autonomy_ws/install/autonomy_repo' for CMake config files
[1.023s] Level 1:colcon.colcon_core.shell:create_environment_hook('autonomy_repo', 'cmake_prefix_path')
[1.023s] INFO:colcon.colcon_core.shell:Creating environment hook '/home/jack/autonomy_ws/install/autonomy_repo/share/autonomy_repo/hook/cmake_prefix_path.ps1'
[1.024s] INFO:colcon.colcon_core.shell:Creating environment descriptor '/home/jack/autonomy_ws/install/autonomy_repo/share/autonomy_repo/hook/cmake_prefix_path.dsv'
[1.024s] INFO:colcon.colcon_core.shell:Creating environment hook '/home/jack/autonomy_ws/install/autonomy_repo/share/autonomy_repo/hook/cmake_prefix_path.sh'
[1.024s] Level 1:colcon.colcon_core.environment:checking '/home/jack/autonomy_ws/install/autonomy_repo/lib'
[1.024s] Level 1:colcon.colcon_core.environment:checking '/home/jack/autonomy_ws/install/autonomy_repo/bin'
[1.024s] Level 1:colcon.colcon_core.environment:checking '/home/jack/autonomy_ws/install/autonomy_repo/lib/pkgconfig/autonomy_repo.pc'
[1.025s] Level 1:colcon.colcon_core.environment:checking '/home/jack/autonomy_ws/install/autonomy_repo/lib/python3.10/site-packages'
[1.025s] Level 1:colcon.colcon_core.environment:checking '/home/jack/autonomy_ws/install/autonomy_repo/bin'
[1.025s] INFO:colcon.colcon_core.shell:Creating package script '/home/jack/autonomy_ws/install/autonomy_repo/share/autonomy_repo/package.ps1'
[1.025s] INFO:colcon.colcon_core.shell:Creating package descriptor '/home/jack/autonomy_ws/install/autonomy_repo/share/autonomy_repo/package.dsv'
[1.026s] INFO:colcon.colcon_core.shell:Creating package script '/home/jack/autonomy_ws/install/autonomy_repo/share/autonomy_repo/package.sh'
[1.026s] INFO:colcon.colcon_core.shell:Creating package script '/home/jack/autonomy_ws/install/autonomy_repo/share/autonomy_repo/package.bash'
[1.027s] INFO:colcon.colcon_core.shell:Creating package script '/home/jack/autonomy_ws/install/autonomy_repo/share/autonomy_repo/package.zsh'
[1.027s] Level 1:colcon.colcon_core.environment:create_file_with_runtime_dependencies(/home/jack/autonomy_ws/install/autonomy_repo/share/colcon-core/packages/autonomy_repo)
[1.027s] DEBUG:colcon.colcon_parallel_executor.executor.parallel:closing loop
[1.027s] DEBUG:colcon.colcon_parallel_executor.executor.parallel:loop closed
[1.028s] DEBUG:colcon.colcon_parallel_executor.executor.parallel:run_until_complete finished with '0'
[1.028s] DEBUG:colcon.colcon_core.event_reactor:joining thread
[1.041s] INFO:colcon.colcon_core.plugin_system:Skipping extension 'colcon_notification.desktop_notification.notify_send': Could not find 'notify-send'
[1.041s] INFO:colcon.colcon_core.plugin_system:Skipping extension 'colcon_notification.desktop_notification.terminal_notifier': Not used on non-Darwin systems
[1.041s] INFO:colcon.colcon_core.plugin_system:Skipping extension 'colcon_notification.desktop_notification.win32': Not used on non-Windows systems
[1.042s] INFO:colcon.colcon_notification.desktop_notification:Sending desktop notification using 'notify2'
[1.044s] DEBUG:colcon.colcon_notification.desktop_notification.notify2:Failed to initialize notify2: org.freedesktop.DBus.Error.Spawn.ExecFailed: /usr/bin/dbus-launch terminated abnormally without any error message
[1.045s] DEBUG:colcon.colcon_core.event_reactor:joined thread
[1.045s] INFO:colcon.colcon_core.shell:Creating prefix script '/home/jack/autonomy_ws/install/local_setup.ps1'
[1.058s] INFO:colcon.colcon_core.shell:Creating prefix util module '/home/jack/autonomy_ws/install/_local_setup_util_ps1.py'
[1.060s] INFO:colcon.colcon_core.shell:Creating prefix chain script '/home/jack/autonomy_ws/install/setup.ps1'
[1.062s] INFO:colcon.colcon_core.shell:Creating prefix script '/home/jack/autonomy_ws/install/local_setup.sh'
[1.062s] INFO:colcon.colcon_core.shell:Creating prefix util module '/home/jack/autonomy_ws/install/_local_setup_util_sh.py'
[1.063s] INFO:colcon.colcon_core.shell:Creating prefix chain script '/home/jack/autonomy_ws/install/setup.sh'
[1.065s] INFO:colcon.colcon_core.shell:Creating prefix script '/home/jack/autonomy_ws/install/local_setup.bash'
[1.065s] INFO:colcon.colcon_core.shell:Creating prefix chain script '/home/jack/autonomy_ws/install/setup.bash'
[1.067s] INFO:colcon.colcon_core.shell:Creating prefix script '/home/jack/autonomy_ws/install/local_setup.zsh'
[1.067s] INFO:colcon.colcon_core.shell:Creating prefix chain script '/home/jack/autonomy_ws/install/setup.zsh'
