[0.023s] Invoking command in '/home/jack/autonomy_ws/build/autonomy_repo': CMAKE_PREFIX_PATH=${CMAKE_PREFIX_PATH}:/opt/ros/humble PS1=${debian_chroot:+($debian_chroot)}\u@\h:\w\$ /usr/bin/cmake /home/jack/autonomy_ws/src/autonomy_repo -DCMAKE_INSTALL_PREFIX=/home/jack/autonomy_ws/install/autonomy_repo
[0.090s] -- Found ament_cmake: 1.3.10 (/opt/ros/humble/share/ament_cmake/cmake)
[0.207s] -- Found ament_lint_auto: 0.12.11 (/opt/ros/humble/share/ament_lint_auto/cmake)
[0.344s] -- Added test 'flake8' to check Python code syntax and style conventions
[0.345s] -- Added test 'lint_cmake' to check CMake code style
[0.347s] -- Added test 'pep257' to check Python code against some of the docstring style conventions in PEP 257
[0.349s] -- Added test 'xmllint' to check XML markup files
[0.352s] -- Configuring done
[0.358s] -- Generating done
[0.359s] -- Build files have been written to: /home/jack/autonomy_ws/build/autonomy_repo
[0.366s] Invoked command in '/home/jack/autonomy_ws/build/autonomy_repo' returned '0': CMAKE_PREFIX_PATH=${CMAKE_PREFIX_PATH}:/opt/ros/humble PS1=${debian_chroot:+($debian_chroot)}\u@\h:\w\$ /usr/bin/cmake /home/jack/autonomy_ws/src/autonomy_repo -DCMAKE_INSTALL_PREFIX=/home/jack/autonomy_ws/install/autonomy_repo
[0.367s] Invoking command in '/home/jack/autonomy_ws/build/autonomy_repo': CMAKE_PREFIX_PATH=${CMAKE_PREFIX_PATH}:/opt/ros/humble PS1=${debian_chroot:+($debian_chroot)}\u@\h:\w\$ /usr/bin/cmake --build /home/jack/autonomy_ws/build/autonomy_repo -- -j16 -l16
[0.392s] Invoked command in '/home/jack/autonomy_ws/build/autonomy_repo' returned '0': CMAKE_PREFIX_PATH=${CMAKE_PREFIX_PATH}:/opt/ros/humble PS1=${debian_chroot:+($debian_chroot)}\u@\h:\w\$ /usr/bin/cmake --build /home/jack/autonomy_ws/build/autonomy_repo -- -j16 -l16
[0.417s] Invoking command in '/home/jack/autonomy_ws/build/autonomy_repo': CMAKE_PREFIX_PATH=${CMAKE_PREFIX_PATH}:/opt/ros/humble PS1=${debian_chroot:+($debian_chroot)}\u@\h:\w\$ /usr/bin/cmake --install /home/jack/autonomy_ws/build/autonomy_repo
[0.422s] -- Install configuration: ""
[0.424s] -- Installing: /home/jack/autonomy_ws/install/autonomy_repo/lib/autonomy_repo/heading_controller.py
[0.425s] -- Installing: /home/jack/autonomy_ws/install/autonomy_repo/lib/autonomy_repo/p3_plot.py
[0.425s] -- Installing: /home/jack/autonomy_ws/install/autonomy_repo/share/autonomy_repo/launch
[0.426s] -- Installing: /home/jack/autonomy_ws/install/autonomy_repo/share/autonomy_repo/launch/heading_control.launch.py
[0.426s] -- Installing: /home/jack/autonomy_ws/install/autonomy_repo/share/autonomy_repo/rviz
[0.426s] -- Installing: /home/jack/autonomy_ws/install/autonomy_repo/share/autonomy_repo/rviz/default.rviz
[0.428s] -- Installing: /home/jack/autonomy_ws/install/autonomy_repo/share/ament_index/resource_index/package_run_dependencies/autonomy_repo
[0.428s] -- Installing: /home/jack/autonomy_ws/install/autonomy_repo/share/ament_index/resource_index/parent_prefix_path/autonomy_repo
[0.429s] -- Installing: /home/jack/autonomy_ws/install/autonomy_repo/share/autonomy_repo/environment/ament_prefix_path.sh
[0.429s] -- Installing: /home/jack/autonomy_ws/install/autonomy_repo/share/autonomy_repo/environment/ament_prefix_path.dsv
[0.429s] -- Installing: /home/jack/autonomy_ws/install/autonomy_repo/share/autonomy_repo/environment/path.sh
[0.429s] -- Installing: /home/jack/autonomy_ws/install/autonomy_repo/share/autonomy_repo/environment/path.dsv
[0.429s] -- Installing: /home/jack/autonomy_ws/install/autonomy_repo/share/autonomy_repo/local_setup.bash
[0.430s] -- Installing: /home/jack/autonomy_ws/install/autonomy_repo/share/autonomy_repo/local_setup.sh
[0.430s] -- Installing: /home/jack/autonomy_ws/install/autonomy_repo/share/autonomy_repo/local_setup.zsh
[0.430s] -- Installing: /home/jack/autonomy_ws/install/autonomy_repo/share/autonomy_repo/local_setup.dsv
[0.430s] -- Installing: /home/jack/autonomy_ws/install/autonomy_repo/share/autonomy_repo/package.dsv
[0.430s] -- Installing: /home/jack/autonomy_ws/install/autonomy_repo/share/ament_index/resource_index/packages/autonomy_repo
[0.430s] -- Installing: /home/jack/autonomy_ws/install/autonomy_repo/share/autonomy_repo/cmake/autonomy_repoConfig.cmake
[0.430s] -- Installing: /home/jack/autonomy_ws/install/autonomy_repo/share/autonomy_repo/cmake/autonomy_repoConfig-version.cmake
[0.430s] -- Installing: /home/jack/autonomy_ws/install/autonomy_repo/share/autonomy_repo/package.xml
[0.432s] Invoked command in '/home/jack/autonomy_ws/build/autonomy_repo' returned '0': CMAKE_PREFIX_PATH=${CMAKE_PREFIX_PATH}:/opt/ros/humble PS1=${debian_chroot:+($debian_chroot)}\u@\h:\w\$ /usr/bin/cmake --install /home/jack/autonomy_ws/build/autonomy_repo
